The system is: Windows - 10.0.19042 - AMD64
Compiling the C compiler identification source file "CMakeCCompilerId.c" succeeded.
Compiler:  
Build flags: 
Id flags:  

The output was:
0
Microsoft(R) 生成引擎版本 4.8.4084.0
[Microsoft .NET Framework 版本 4.0.30319.42000]
版权所有 (C) Microsoft Corporation。保留所有权利。

生成启动时间为 2022/4/17 0:18:41。
节点 1 上的项目“E:\glfw-master\build\x64\CMakeFiles\3.23.1\CompilerIdC\CompilerIdC.vcxproj”(默认目标)。
PrepareForBuild:
  正在创建目录“Debug\”。
InitializeBuildStatus:
  正在创建“Debug\CompilerIdC.unsuccessfulbuild”，因为已指定“AlwaysCreate”。
ClCompile:
  C:\Program Files (x86)\Microsoft Visual Studio 10.0\VC\bin\x86_amd64\CL.exe /c /nologo /W0 /WX- /Od /D _MBCS /Gm- /EHsc /RTC1 /MDd /GS /fp:precise /Zc:wchar_t /Zc:forScope /Fo"Debug\\" /Fd"Debug\vc100.pdb" /Gd /TC /errorReport:queue CMakeCCompilerId.c
  CMakeCCompilerId.c
Link:
  C:\Program Files (x86)\Microsoft Visual Studio 10.0\VC\bin\x86_amd64\link.exe /ERRORREPORT:QUEUE /OUT:".\CompilerIdC.exe" /INCREMENTAL:NO /NOLOGO kernel32.lib user32.lib gdi32.lib winspool.lib comdlg32.lib advapi32.lib shell32.lib ole32.lib oleaut32.lib uuid.lib odbc32.lib odbccp32.lib /MANIFEST /ManifestFile:"Debug\CompilerIdC.exe.intermediate.manifest" /MANIFESTUAC:"level='asInvoker' uiAccess='false'" /PDB:"E:\glfw-master\build\x64\CMakeFiles\3.23.1\CompilerIdC\CompilerIdC.pdb" /SUBSYSTEM:CONSOLE /TLBID:1 /DYNAMICBASE /NXCOMPAT /IMPLIB:".\CompilerIdC.lib" /MACHINE:X64 Debug\CMakeCCompilerId.obj
  CompilerIdC.vcxproj -> E:\glfw-master\build\x64\CMakeFiles\3.23.1\CompilerIdC\.\CompilerIdC.exe
Manifest:
  C:\Program Files (x86)\Microsoft SDKs\Windows\v7.0A\bin\mt.exe /nologo /verbose /outputresource:".\CompilerIdC.exe;#1" /manifest Debug\CompilerIdC.exe.intermediate.manifest
PostBuildEvent:
  for %%i in (cl.exe) do @echo CMAKE_C_COMPILER=%%~$PATH:i
  :VCEnd
  CMAKE_C_COMPILER=C:\Program Files (x86)\Microsoft Visual Studio 10.0\VC\bin\x86_amd64\cl.exe
FinalizeBuildStatus:
  正在删除文件“Debug\CompilerIdC.unsuccessfulbuild”。
  正在对“Debug\CompilerIdC.lastbuildstate”执行 Touch 任务。
已完成生成项目“E:\glfw-master\build\x64\CMakeFiles\3.23.1\CompilerIdC\CompilerIdC.vcxproj”(默认目标)的操作。

已成功生成。
    0 个警告
    0 个错误

已用时间 00:00:01.93


Compilation of the C compiler identification source "CMakeCCompilerId.c" produced "CompilerIdC.exe"

Compilation of the C compiler identification source "CMakeCCompilerId.c" produced "CompilerIdC.vcxproj"

The C compiler identification is MSVC, found in "E:/glfw-master/build/x64/CMakeFiles/3.23.1/CompilerIdC/CompilerIdC.exe"

Detecting C compiler ABI info compiled with the following output:
Change Dir: E:/glfw-master/build/x64/CMakeFiles/CMakeTmp

Run Build Command(s):C:/Windows/Microsoft.NET/Framework/v4.0.30319/MSBuild.exe cmTC_b0390.vcxproj /p:Configuration=Debug /p:Platform=x64 /p:VisualStudioVersion=10.0 /v:m && Microsoft(R) 生成引擎版本 4.8.4084.0
[Microsoft .NET Framework 版本 4.0.30319.42000]
版权所有 (C) Microsoft Corporation。保留所有权利。

  Microsoft (R) C/C++ Optimizing Compiler Version 16.00.30319.01 for x64
  Copyright (C) Microsoft Corporation.  All rights reserved.
  
  cl /c /Zi /W1 /WX- /Od /Ob0 /D _MBCS /D WIN32 /D _WINDOWS /D "CMAKE_INTDIR=\"Debug\"" /Gm- /RTC1 /MDd /GS /fp:precise /Zc:wchar_t /Zc:forScope /Fo"cmTC_b0390.dir\Debug\\" /Fd"cmTC_b0390.dir\Debug\vc100.pdb" /Gd /TC /errorReport:queue "C:\Program Files\CMake\share\cmake-3.23\Modules\CMakeCCompilerABI.c"
  
  CMakeCCompilerABI.c
  cmTC_b0390.vcxproj -> E:\glfw-master\build\x64\CMakeFiles\CMakeTmp\Debug\cmTC_b0390.exe
  cmTC_b0390.vcxproj -> E:\glfw-master\build\x64\CMakeFiles\CMakeTmp\Debug\cmTC_b0390.exe



